Matstagram/androidinstagramoauth/build/outputs/logs/manifest-merger-release-report.txt
-- Merging decision tree log ---
manifest
ADDED from AndroidManifest.xml:2:1
	package
		ADDED from AndroidManifest.xml:3:2
		INJECTED from AndroidManifest.xml:0:0
		INJECTED from AndroidManifest.xml:0:0
	android:versionName
		ADDED from AndroidManifest.xml:5:2
	android:versionCode
		ADDED from AndroidManifest.xml:4:2
		INJECTED from AndroidManifest.xml:0:0
		INJECTED from AndroidManifest.xml:0:0
	xmlns:android
		ADDED from AndroidManifest.xml:2:11
application
ADDED from AndroidManifest.xml:7:5
	android:label
		ADDED from AndroidManifest.xml:7:48
	android:icon
		ADDED from AndroidManifest.xml:7:18
activity#br.com.dina.oauth.instagram.Main
ADDED from AndroidManifest.xml:8:6
	android:label
		ADDED from AndroidManifest.xml:8:64
	android:name
		ADDED from AndroidManifest.xml:8:16
intent-filter#android.intent.action.MAIN+android.intent.category.LAUNCHER
ADDED from AndroidManifest.xml:9:7
action#android.intent.action.MAIN
ADDED from AndroidManifest.xml:10:8
	android:name
		ADDED from AndroidManifest.xml:10:16
category#android.intent.category.LAUNCHER
ADDED from AndroidManifest.xml:11:8
	android:name
		ADDED from AndroidManifest.xml:11:18